2025-03-10 08:15:32 - INFO: System initialized
2025-03-10 09:30:45 - DEBUG: Processing request
2025-03-10 11:05:21 - ERROR: Disk full
2025-03-10 14:42:11 - WARNING: High memory usage detected
2025-03-10 16:30:00 - ERROR: Authentication failed
2025-03-11 00:15:32 - INFO: Daily backup started
2025-03-11 04:20:05 - ERROR: Database connection lost
2025-03-11 10:55:42 - INFO: User logged in
2025-03-11 13:37:18 - DEBUG: Cache refreshed
2025-03-11 15:50:12 - ERROR: Connection timeout
2025-03-11 18:25:34 - ERROR: Memory limit exceeded
2025-03-12 02:10:57 - WARNING: Slow response detected
2025-03-12 06:45:19 - INFO: Update applied successfully
2025-03-12 09:00:00 - ERROR: Invalid input received
2025-03-12 11:35:21 - DEBUG: Load balancer adjusted
2025-03-12 12:55:42 - ERROR: Disk full
2025-03-12 14:15:30 - ERROR: Connection timeout
2025-03-12 18:40:00 - INFO: Scheduled maintenance started
2025-03-12 21:05:10 - ERROR: Authentication failed
2025-03-13 07:20:45 - WARNING: CPU usage spike detected
2025-03-13 08:30:22 - ERROR: Database connection lost
2025-03-13 12:00:00 - DEBUG: Processing request
2025-03-13 14:45:38 - ERROR: Memory limit exceeded
2025-03-13 16:30:10 - INFO: System shutdown initiated
2025-03-13 23:55:00 - ERROR: Connection timeout